<?xml version="1.0" encoding="UTF-8"?>
<testsuite xmlns:xsi="http://www.w3.org/2001/XMLSchema-instance" xsi:noNamespaceSchemaLocation="https://maven.apache.org/surefire/maven-failsafe-plugin/xsd/failsafe-test-report-3.0.xsd" version="3.0" name="Product Checkout feature" time="9.953" tests="1" errors="0" skipped="0" failures="0">
  <properties>
[...]
</properties>
  <testcase name="Verify User is able to Checkout the Product" classname="Product Checkout feature" time="9.953">
    <system-out><![CDATA[
@smoke
Scenario: Verify User is able to Checkout the Product &amp#27;[90m# src/test/resources/features/ProductCheckout.feature:4&amp#27;[0m
  &amp#27;[32mGiven &amp#27;[0m&amp#27;[32muser navigates to "&amp#27;[0m&amp#27;[32m&amp#27;[1murl&amp#27;[0m&amp#27;[32m"&amp#27;[0m                       &amp#27;[90m# stepdefinitions.CheckoutProductSteps.navigateToUrl(java.lang.String)&amp#27;[0m
  &amp#27;[32mAnd &amp#27;[0m&amp#27;[32muser enters "&amp#27;[0m&amp#27;[32m&amp#27;[1madminUsername&amp#27;[0m&amp#27;[32m" username&amp#27;[0m            &amp#27;[90m# stepdefinitions.CheckoutProductSteps.enterUsername(java.lang.String)&amp#27;[0m
  &amp#27;[32mAnd &amp#27;[0m&amp#27;[32muser enters "&amp#27;[0m&amp#27;[32m&amp#27;[1madminPassword&amp#27;[0m&amp#27;[32m" password&amp#27;[0m            &amp#27;[90m# stepdefinitions.CheckoutProductSteps.enterPassword(java.lang.String)&amp#27;[0m
  &amp#27;[32mAnd &amp#27;[0m&amp#27;[32muser clicks Login button&amp#27;[0m                        &amp#27;[90m# stepdefinitions.CheckoutProductSteps.clickLogin()&amp#27;[0m
  &amp#27;[32mThen &amp#27;[0m&amp#27;[32muser navigate to the products page&amp#27;[0m             &amp#27;[90m# stepdefinitions.CheckoutProductSteps.userNavigateProductsPage()&amp#27;[0m
  &amp#27;[32mThen &amp#27;[0m&amp#27;[32muser click on add to cart&amp#27;[0m                      &amp#27;[90m# stepdefinitions.CheckoutProductSteps.clickCart()&amp#27;[0m
  &amp#27;[32mThen &amp#27;[0m&amp#27;[32muser click on container button&amp#27;[0m                 &amp#27;[90m# stepdefinitions.CheckoutProductSteps.clickContainer()&amp#27;[0m
  &amp#27;[32mThen &amp#27;[0m&amp#27;[32muser click on checkout button&amp#27;[0m                  &amp#27;[90m# stepdefinitions.CheckoutProductSteps.clickCheckout()&amp#27;[0m
  &amp#27;[32mAnd &amp#27;[0m&amp#27;[32muser enters "&amp#27;[0m&amp#27;[32m&amp#27;[1mfirstName&amp#27;[0m&amp#27;[32m" firstname&amp#27;[0m               &amp#27;[90m# stepdefinitions.CheckoutProductSteps.enterfirstname(java.lang.String)&amp#27;[0m
  &amp#27;[32mAnd &amp#27;[0m&amp#27;[32muser enters "&amp#27;[0m&amp#27;[32m&amp#27;[1mlastName&amp#27;[0m&amp#27;[32m" lastname&amp#27;[0m                 &amp#27;[90m# stepdefinitions.CheckoutProductSteps.enterLastname(java.lang.String)&amp#27;[0m
  &amp#27;[32mAnd &amp#27;[0m&amp#27;[32muser enters "&amp#27;[0m&amp#27;[32m&amp#27;[1mpostalCode&amp#27;[0m&amp#27;[32m" postalcode&amp#27;[0m             &amp#27;[90m# stepdefinitions.CheckoutProductSteps.enterPostalcode(java.lang.String)&amp#27;[0m
  &amp#27;[32mThen &amp#27;[0m&amp#27;[32muser click on continue button&amp#27;[0m                  &amp#27;[90m# stepdefinitions.CheckoutProductSteps.clickContinue()&amp#27;[0m
  &amp#27;[32mThen &amp#27;[0m&amp#27;[32muser click on finish button&amp#27;[0m                    &amp#27;[90m# stepdefinitions.CheckoutProductSteps.clickFinish()&amp#27;[0m
]]></system-out>
  </testcase>
</testsuite>